Removed Pin From Net: NetName=3V3 Pin=J1-1
Removed Pin From Net: NetName=SCLK Pin=J1-3
Removed Pin From Net: NetName=SDI/SPI Pin=J1-4
Removed Pin From Net: NetName=CS Pin=J1-5
Removed Pin From Net: NetName=SDO Pin=J1-6
Removed Pin From Net: NetName=5V Pin=Ultrasonico-1
Removed Pin From Net: NetName=TRIGGER Pin=Ultrasonico-2
Removed Pin From Net: NetName=ECHO Pin=Ultrasonico-3
Removed Pin From Net: NetName=GND Pin=Ultrasonico-4
Removed Member From Class: ClassName=Motores Member=ON/OFF
Removed Member From Class: ClassName=schematic Member=Ultrasonico
Change Component Footprint: Designator=J1 Old Footprint=SMTC-SSW-106-02-X-S New Footprint=61000421121
Change Component Comment : Designator=J1 Old Comment=SSW-106-02-G-S New Comment=61000421121
Change Component Designator: OldDesignator=ON/OFF NewDesignator=ON/OFF1
Change Managed Component Library Link : Designator=J1 Old VaultGUID=B7D15EC3-160A-466F-A46C-7801FE6295A7 New VaultGUID=B7D15EC3-160A-466F-A46C-7801FE6295A7 Old ItemGUID=97D8F4BA-93F0-494D-A19E-B10C61E25639 New ItemGUID=DF0A6B04-8755-47DD-A553-87168C09BAAC Old RevisionGUID=EFA14B05-8796-406B-925D-DF1B8F773EFA New RevisionGUID=57D9A931-E277-46C8-8DF2-555298B5C937
Change component parameters: Designator = "J1" ("J1"); Footprint = "SMTC-SSW-106-02-X-S"; UniqueID = "\HVHZKHGX" ("\HVHZKHGX")
Change component parameters (AddParameter): Name = "Contact Resistance"; Value = "20mOhm"; VariantName = "[No Variations]"
Change component parameters (AddParameter): Name = "Datasheet URL"; Value = "https://katalog.we-online.de/em/datasheet/6100xx21121.pdf"; VariantName = "[No Variations]"
Change component parameters (AddParameter): Name = "Gender"; Value = "Male"; VariantName = "[No Variations]"
Change component parameters (AddParameter): Name = "Manufacturer"; Value = "Wurth Elektronik"; VariantName = "[No Variations]"
Change component parameters (AddParameter): Name = "Manufacturer URL"; Value = "http://www.we-online.de"; VariantName = "[No Variations]"
Change component parameters (AddParameter): Name = "Mounting Technology"; Value = "SMT"; VariantName = "[No Variations]"
Change component parameters (AddParameter): Name = "Operating Temperature"; Value = "-40to125degC"; VariantName = "[No Variations]"
Change component parameters (AddParameter): Name = "Orientation"; Value = "Vertical"; VariantName = "[No Variations]"
Change component parameters (AddParameter): Name = "Package Reference"; Value = "61000421121"; VariantName = "[No Variations]"
Change component parameters (AddParameter): Name = "Packaging"; Value = "Tube"; VariantName = "[No Variations]"
Change component parameters (AddParameter): Name = "Part Number"; Value = "61000421121"; VariantName = "[No Variations]"
Change component parameters (AddParameter): Name = "Pin Number"; Value = "4"; VariantName = "[No Variations]"
Change component parameters (AddParameter): Name = "Pitch"; Value = "2.54mm"; VariantName = "[No Variations]"
Change component parameters (AddParameter): Name = "Publisher"; Value = "WurthElektronik"; VariantName = "[No Variations]"
Change component parameters (AddParameter): Name = "Rated Current"; Value = "3A"; VariantName = "[No Variations]"
Change component parameters (AddParameter): Name = "Row Number"; Value = "Dual"; VariantName = "[No Variations]"
Change component parameters (AddParameter): Name = "Withstanding Voltage"; Value = "500VAC"; VariantName = "[No Variations]"
Change component parameters (AddParameter): Name = "Working Voltage"; Value = "250VAC"; VariantName = "[No Variations]"
Added Component: Designator=P2(61000621121)
Add component (AddParameter): Name = "Contact Resistance"; Value = "20mOhm"; VariantName = "[No Variations]"
Add component (AddParameter): Name = "Datasheet URL"; Value = "https://katalog.we-online.de/em/datasheet/6100xx21121.pdf"; VariantName = "[No Variations]"
Add component (AddParameter): Name = "Gender"; Value = "Male"; VariantName = "[No Variations]"
Add component (AddParameter): Name = "Manufacturer"; Value = "Wurth Elektronik"; VariantName = "[No Variations]"
Add component (AddParameter): Name = "Manufacturer URL"; Value = "http://www.we-online.de"; VariantName = "[No Variations]"
Add component (AddParameter): Name = "Mounting Technology"; Value = "SMT"; VariantName = "[No Variations]"
Add component (AddParameter): Name = "Operating Temperature"; Value = "-40to125degC"; VariantName = "[No Variations]"
Add component (AddParameter): Name = "Orientation"; Value = "Vertical"; VariantName = "[No Variations]"
Add component (AddParameter): Name = "Package Reference"; Value = "61000621121"; VariantName = "[No Variations]"
Add component (AddParameter): Name = "Packaging"; Value = "Tube"; VariantName = "[No Variations]"
Add component (AddParameter): Name = "Part Number"; Value = "61000621121"; VariantName = "[No Variations]"
Add component (AddParameter): Name = "Pin Number"; Value = "6"; VariantName = "[No Variations]"
Add component (AddParameter): Name = "Pitch"; Value = "2.54mm"; VariantName = "[No Variations]"
Add component (AddParameter): Name = "Publisher"; Value = "WurthElektronik"; VariantName = "[No Variations]"
Add component (AddParameter): Name = "Rated Current"; Value = "3A"; VariantName = "[No Variations]"
Add component (AddParameter): Name = "Row Number"; Value = "Dual"; VariantName = "[No Variations]"
Add component (AddParameter): Name = "Withstanding Voltage"; Value = "500VAC"; VariantName = "[No Variations]"
Add component (AddParameter): Name = "Working Voltage"; Value = "250VAC"; VariantName = "[No Variations]"
Added Pin To Net: NetName=5V Pin=J1-1
Added Pin To Net: NetName=TRIGGER Pin=J1-3
Added Pin To Net: NetName=ECHO Pin=J1-4
Added Pin To Net: NetName=3V3 Pin=P2-1
Added Pin To Net: NetName=GND Pin=P2-2
Added Pin To Net: NetName=SCLK Pin=P2-3
Added Pin To Net: NetName=SDI/SPI Pin=P2-4
Added Pin To Net: NetName=CS Pin=P2-5
Added Pin To Net: NetName=SDO Pin=P2-6
Added Member To Class: ClassName=Motores Member=Component ON/OFF1 EG1218
Added Member To Class: ClassName=schematic Member=Component P2 61000621121
