Removed Pin From Net: NetName=GND Pin=CNY70_1-2
Removed Pin From Net: NetName=GND Pin=CNY70_1-3
Removed Pin From Net: NetName=GND Pin=CNY70_2-2
Removed Pin From Net: NetName=GND Pin=CNY70_2-3
Removed Pin From Net: NetName=GND Pin=CNY70_3-2
Removed Pin From Net: NetName=GND Pin=CNY70_3-3
Removed Pin From Net: NetName=GND Pin=CNY70_4-2
Removed Pin From Net: NetName=GND Pin=CNY70_4-3
Removed Pin From Net: NetName=5V Pin=J3-5
Removed Pin From Net: NetName=GND Pin=J3-6
Removed Pin From Net: NetName=5V Pin=R3-2
Removed Pin From Net: NetName=5V Pin=R4-2
Removed Pin From Net: NetName=5V Pin=R5-1
Removed Pin From Net: NetName=5V Pin=R6-1
Removed Pin From Net: NetName=5V Pin=R7-2
Removed Pin From Net: NetName=5V Pin=R8-2
Removed Pin From Net: NetName=5V Pin=R9-1
Removed Pin From Net: NetName=5V Pin=R10-1
Removed Member From Class: ClassName=schematic Member=J3
Added Pin To Net: NetName=CNY70_1 Pin=ESP1-VP
Added Pin To Net: NetName=CNY70_1 Pin=J2-1
Added Net: Name=CNY70_1
Added Pin To Net: NetName=CNY70_2 Pin=ESP1-VN
Added Pin To Net: NetName=CNY70_2 Pin=J2-3
Added Net: Name=CNY70_2
Added Pin To Net: NetName=CNY70_3 Pin=ESP1-34
Added Pin To Net: NetName=CNY70_3 Pin=J2-2
Added Net: Name=CNY70_3
Added Pin To Net: NetName=CNY70_4 Pin=ESP1-35
Added Pin To Net: NetName=CNY70_4 Pin=J2-4
Added Net: Name=CNY70_4
